This is pdfTeX, Version 3.14159265-2.6-1.40.19 (MiKTeX 2.9.6745 64-bit) (preloaded format=pdflatex 2018.8.16)  18 SEP 2018 10:46
entering extended mode
**C:/Users/michael.aubertin/Documents/MyGitRepos/WP/WP.tex
(C:/Users/michael.aubertin/Documents/MyGitRepos/WP/WP.tex
LaTeX2e <2018-04-01> patch level 5

("C:\Users\michael.aubertin\AppData\Local\Programs\MiKTeX 2.9\tex\latex\base\ar
ticle.cls"
Document Class: article 2014/09/29 v1.4h Standard LaTeX document class

("C:\Users\michael.aubertin\AppData\Local\Programs\MiKTeX 2.9\tex\latex\base\si
ze10.clo"
File: size10.clo 2014/09/29 v1.4h Standard LaTeX file (size option)
)
\c@part=\count80
\c@section=\count81
\c@subsection=\count82
\c@subsubsection=\count83
\c@paragraph=\count84
\c@subparagraph=\count85
\c@figure=\count86
\c@table=\count87
\abovecaptionskip=\skip41
\belowcaptionskip=\skip42
\bibindent=\dimen102
)
("C:\Users\michael.aubertin\AppData\Local\Programs\MiKTeX 2.9\tex\latex\listing
s\listings.sty"
("C:\Users\michael.aubertin\AppData\Local\Programs\MiKTeX 2.9\tex\latex\graphic
s\keyval.sty"
Package: keyval 2014/10/28 v1.15 key=value parser (DPC)
\KV@toks@=\toks14
)
\lst@mode=\count88
\lst@gtempboxa=\box26
\lst@token=\toks15
\lst@length=\count89
\lst@currlwidth=\dimen103
\lst@column=\count90
\lst@pos=\count91
\lst@lostspace=\dimen104
\lst@width=\dimen105
\lst@newlines=\count92
\lst@lineno=\count93
\lst@maxwidth=\dimen106

("C:\Users\michael.aubertin\AppData\Local\Programs\MiKTeX 2.9\tex\latex\listing
s\lstmisc.sty"
File: lstmisc.sty 2015/06/04 1.6 (Carsten Heinz)
\c@lstnumber=\count94
\lst@skipnumbers=\count95
\lst@framebox=\box27
)
("C:\Users\michael.aubertin\AppData\Local\Programs\MiKTeX 2.9\tex\latex\listing
s\listings.cfg"
File: listings.cfg 2015/06/04 1.6 listings configuration
))
Package: listings 2015/06/04 1.6 (Carsten Heinz)

("C:\Users\michael.aubertin\AppData\Local\Programs\MiKTeX 2.9\tex\latex\graphic
s\color.sty"
Package: color 2016/07/10 v1.1e Standard LaTeX Color (DPC)

("C:\Users\michael.aubertin\AppData\Local\Programs\MiKTeX 2.9\tex\latex\graphic
s-cfg\color.cfg"
File: color.cfg 2016/01/02 v1.6 sample color configuration
)
Package color Info: Driver file: pdftex.def on input line 147.

("C:\Users\michael.aubertin\AppData\Local\Programs\MiKTeX 2.9\tex\latex\graphic
s-def\pdftex.def"
File: pdftex.def 2018/01/08 v1.0l Graphics/color driver for pdftex
))
("C:\Users\michael.aubertin\AppData\Local\Programs\MiKTeX 2.9\tex\latex\base\in
putenc.sty"
Package: inputenc 2018/04/06 v1.3b Input encoding file
\inpenc@prehook=\toks16
\inpenc@posthook=\toks17
)
("C:\Users\michael.aubertin\AppData\Local\Programs\MiKTeX 2.9\tex\latex\tools\v
erbatim.sty"
Package: verbatim 2014/10/28 v1.5q LaTeX2e package for verbatim enhancements
\every@verbatim=\toks18
\verbatim@line=\toks19
\verbatim@in@stream=\read1
)
("C:\Users\michael.aubertin\AppData\Local\Programs\MiKTeX 2.9\tex\latex\base\fo
ntenc.sty"
Package: fontenc 2017/04/05 v2.0i Standard LaTeX package

("C:\Users\michael.aubertin\AppData\Local\Programs\MiKTeX 2.9\tex\latex\base\t1
enc.def"
File: t1enc.def 2017/04/05 v2.0i Standard LaTeX file
LaTeX Font Info:    Redeclaring font encoding T1 on input line 48.
))
("C:\Users\michael.aubertin\AppData\Local\Programs\MiKTeX 2.9\tex\latex\amsmath
\amsmath.sty"
Package: amsmath 2017/09/02 v2.17a AMS math features
\@mathmargin=\skip43

For additional information on amsmath, use the `?' option.

("C:\Users\michael.aubertin\AppData\Local\Programs\MiKTeX 2.9\tex\latex\amsmath
\amstext.sty"
Package: amstext 2000/06/29 v2.01 AMS text

("C:\Users\michael.aubertin\AppData\Local\Programs\MiKTeX 2.9\tex\latex\amsmath
\amsgen.sty"
File: amsgen.sty 1999/11/30 v2.0 generic functions
\@emptytoks=\toks20
\ex@=\dimen107
))
("C:\Users\michael.aubertin\AppData\Local\Programs\MiKTeX 2.9\tex\latex\amsmath
\amsbsy.sty"
Package: amsbsy 1999/11/29 v1.2d Bold Symbols
\pmbraise@=\dimen108
)
("C:\Users\michael.aubertin\AppData\Local\Programs\MiKTeX 2.9\tex\latex\amsmath
\amsopn.sty"
Package: amsopn 2016/03/08 v2.02 operator names
)
\inf@bad=\count96
LaTeX Info: Redefining \frac on input line 213.
\uproot@=\count97
\leftroot@=\count98
LaTeX Info: Redefining \overline on input line 375.
\classnum@=\count99
\DOTSCASE@=\count100
LaTeX Info: Redefining \ldots on input line 472.
LaTeX Info: Redefining \dots on input line 475.
LaTeX Info: Redefining \cdots on input line 596.
\Mathstrutbox@=\box28
\strutbox@=\box29
\big@size=\dimen109
LaTeX Font Info:    Redeclaring font encoding OML on input line 712.
LaTeX Font Info:    Redeclaring font encoding OMS on input line 713.
\macc@depth=\count101
\c@MaxMatrixCols=\count102
\dotsspace@=\muskip10
\c@parentequation=\count103
\dspbrk@lvl=\count104
\tag@help=\toks21
\row@=\count105
\column@=\count106
\maxfields@=\count107
\andhelp@=\toks22
\eqnshift@=\dimen110
\alignsep@=\dimen111
\tagshift@=\dimen112
\tagwidth@=\dimen113
\totwidth@=\dimen114
\lineht@=\dimen115
\@envbody=\toks23
\multlinegap=\skip44
\multlinetaggap=\skip45
\mathdisplay@stack=\toks24
LaTeX Info: Redefining \[ on input line 2817.
LaTeX Info: Redefining \] on input line 2818.
)
("C:\Users\michael.aubertin\AppData\Local\Programs\MiKTeX 2.9\tex\latex\amsfont
s\amsfonts.sty"
Package: amsfonts 2013/01/14 v3.01 Basic AMSFonts support
\symAMSa=\mathgroup4
\symAMSb=\mathgroup5
LaTeX Font Info:    Overwriting math alphabet `\mathfrak' in version `bold'
(Font)                  U/euf/m/n --> U/euf/b/n on input line 106.
)
("C:\Users\michael.aubertin\AppData\Local\Programs\MiKTeX 2.9\tex\latex\amsfont
s\amssymb.sty"
Package: amssymb 2013/01/14 v3.01 AMS font symbols
)
("C:\Users\michael.aubertin\AppData\Local\Programs\MiKTeX 2.9\tex\latex\graphic
s\graphicx.sty"
Package: graphicx 2017/06/01 v1.1a Enhanced LaTeX Graphics (DPC,SPQR)

("C:\Users\michael.aubertin\AppData\Local\Programs\MiKTeX 2.9\tex\latex\graphic
s\graphics.sty"
Package: graphics 2017/06/25 v1.2c Standard LaTeX Graphics (DPC,SPQR)

("C:\Users\michael.aubertin\AppData\Local\Programs\MiKTeX 2.9\tex\latex\graphic
s\trig.sty"
Package: trig 2016/01/03 v1.10 sin cos tan (DPC)
)
("C:\Users\michael.aubertin\AppData\Local\Programs\MiKTeX 2.9\tex\latex\graphic
s-cfg\graphics.cfg"
File: graphics.cfg 2016/06/04 v1.11 sample graphics configuration
)
Package graphics Info: Driver file: pdftex.def on input line 99.
)
\Gin@req@height=\dimen116
\Gin@req@width=\dimen117
)
("C:\Users\michael.aubertin\AppData\Local\Programs\MiKTeX 2.9\tex\latex\geometr
y\geometry.sty"
Package: geometry 2018/04/16 v5.8 Page Geometry

("C:\Users\michael.aubertin\AppData\Local\Programs\MiKTeX 2.9\tex\generic\oberd
iek\ifpdf.sty"
Package: ifpdf 2017/03/15 v3.2 Provides the ifpdf switch
)
("C:\Users\michael.aubertin\AppData\Local\Programs\MiKTeX 2.9\tex\generic\oberd
iek\ifvtex.sty"
Package: ifvtex 2016/05/16 v1.6 Detect VTeX and its facilities (HO)
Package ifvtex Info: VTeX not detected.
)
("C:\Users\michael.aubertin\AppData\Local\Programs\MiKTeX 2.9\tex\generic\ifxet
ex\ifxetex.sty"
Package: ifxetex 2010/09/12 v0.6 Provides ifxetex conditional
)
\Gm@cnth=\count108
\Gm@cntv=\count109
\c@Gm@tempcnt=\count110
\Gm@bindingoffset=\dimen118
\Gm@wd@mp=\dimen119
\Gm@odd@mp=\dimen120
\Gm@even@mp=\dimen121
\Gm@layoutwidth=\dimen122
\Gm@layoutheight=\dimen123
\Gm@layouthoffset=\dimen124
\Gm@layoutvoffset=\dimen125
\Gm@dimlist=\toks25

("C:\Users\michael.aubertin\AppData\Local\Programs\MiKTeX 2.9\tex\latex\geometr
y\geometry.cfg"))
("C:\Users\michael.aubertin\AppData\Local\Programs\MiKTeX 2.9\tex\latex\tools\m
ulticol.sty"
Package: multicol 2018/04/20 v1.8s multicolumn formatting (FMi)
\c@tracingmulticols=\count111
\mult@box=\box30
\multicol@leftmargin=\dimen126
\c@unbalance=\count112
\c@collectmore=\count113
\doublecol@number=\count114
\multicoltolerance=\count115
\multicolpretolerance=\count116
\full@width=\dimen127
\page@free=\dimen128
\premulticols=\dimen129
\postmulticols=\dimen130
\multicolsep=\skip46
\multicolbaselineskip=\skip47
\partial@page=\box31
\last@line=\box32
\maxbalancingoverflow=\dimen131
\mult@rightbox=\box33
\mult@grightbox=\box34
\mult@gfirstbox=\box35
\mult@firstbox=\box36
\@tempa=\box37
\@tempa=\box38
\@tempa=\box39
\@tempa=\box40
\@tempa=\box41
\@tempa=\box42
\@tempa=\box43
\@tempa=\box44
\@tempa=\box45
\@tempa=\box46
\@tempa=\box47
\@tempa=\box48
\@tempa=\box49
\@tempa=\box50
\@tempa=\box51
\@tempa=\box52
\@tempa=\box53
\c@columnbadness=\count117
\c@finalcolumnbadness=\count118
\last@try=\dimen132
\multicolovershoot=\dimen133
\multicolundershoot=\dimen134
\mult@nat@firstbox=\box54
\colbreak@box=\box55
\mc@col@check@num=\count119
)
("C:\Users\michael.aubertin\AppData\Local\Programs\MiKTeX 2.9\tex\latex\amscls\
amsthm.sty"
Package: amsthm 2017/10/31 v2.20.4
\thm@style=\toks26
\thm@bodyfont=\toks27
\thm@headfont=\toks28
\thm@notefont=\toks29
\thm@headpunct=\toks30
\thm@preskip=\skip48
\thm@postskip=\skip49
\thm@headsep=\skip50
\dth@everypar=\toks31
) (WP.aux)
\openout1 = `WP.aux'.

LaTeX Font Info:    Checking defaults for OML/cmm/m/it on input line 47.
LaTeX Font Info:    ... okay on input line 47.
LaTeX Font Info:    Checking defaults for T1/cmr/m/n on input line 47.
LaTeX Font Info:    ... okay on input line 47.
LaTeX Font Info:    Checking defaults for OT1/cmr/m/n on input line 47.
LaTeX Font Info:    ... okay on input line 47.
LaTeX Font Info:    Checking defaults for OMS/cmsy/m/n on input line 47.
LaTeX Font Info:    ... okay on input line 47.
LaTeX Font Info:    Checking defaults for OMX/cmex/m/n on input line 47.
LaTeX Font Info:    ... okay on input line 47.
LaTeX Font Info:    Checking defaults for U/cmr/m/n on input line 47.
LaTeX Font Info:    ... okay on input line 47.
\c@lstlisting=\count120

("C:\Users\michael.aubertin\AppData\Local\Programs\MiKTeX 2.9\tex\context\base\
supp-pdf.mkii"
[Loading MPS to PDF converter (version 2006.09.02).]
\scratchcounter=\count121
\scratchdimen=\dimen135
\scratchbox=\box56
\nofMPsegments=\count122
\nofMParguments=\count123
\everyMPshowfont=\toks32
\MPscratchCnt=\count124
\MPscratchDim=\dimen136
\MPnumerator=\count125
\makeMPintoPDFobject=\count126
\everyMPtoPDFconversion=\toks33
)
("C:\Users\michael.aubertin\AppData\Local\Programs\MiKTeX 2.9\tex\latex\oberdie
k\epstopdf-base.sty"
Package: epstopdf-base 2016/05/15 v2.6 Base part for package epstopdf

("C:\Users\michael.aubertin\AppData\Local\Programs\MiKTeX 2.9\tex\generic\oberd
iek\infwarerr.sty"
Package: infwarerr 2016/05/16 v1.4 Providing info/warning/error messages (HO)
)
("C:\Users\michael.aubertin\AppData\Local\Programs\MiKTeX 2.9\tex\latex\oberdie
k\grfext.sty"
Package: grfext 2016/05/16 v1.2 Manage graphics extensions (HO)

("C:\Users\michael.aubertin\AppData\Local\Programs\MiKTeX 2.9\tex\generic\oberd
iek\kvdefinekeys.sty"
Package: kvdefinekeys 2016/05/16 v1.4 Define keys (HO)

("C:\Users\michael.aubertin\AppData\Local\Programs\MiKTeX 2.9\tex\generic\oberd
iek\ltxcmds.sty"
Package: ltxcmds 2016/05/16 v1.23 LaTeX kernel commands for general use (HO)
)))
("C:\Users\michael.aubertin\AppData\Local\Programs\MiKTeX 2.9\tex\latex\oberdie
k\kvoptions.sty"
Package: kvoptions 2016/05/16 v3.12 Key value format for package options (HO)

("C:\Users\michael.aubertin\AppData\Local\Programs\MiKTeX 2.9\tex\generic\oberd
iek\kvsetkeys.sty"
Package: kvsetkeys 2016/05/16 v1.17 Key value parser (HO)

("C:\Users\michael.aubertin\AppData\Local\Programs\MiKTeX 2.9\tex\generic\oberd
iek\etexcmds.sty"
Package: etexcmds 2016/05/16 v1.6 Avoid name clashes with e-TeX commands (HO)

("C:\Users\michael.aubertin\AppData\Local\Programs\MiKTeX 2.9\tex\generic\oberd
iek\ifluatex.sty"
Package: ifluatex 2016/05/16 v1.4 Provides the ifluatex switch (HO)
Package ifluatex Info: LuaTeX not detected.
)
Package etexcmds Info: Could not find \expanded.
(etexcmds)             That can mean that you are not using pdfTeX 1.50 or
(etexcmds)             that some package has redefined \expanded.
(etexcmds)             In the latter case, load this package earlier.
)))
("C:\Users\michael.aubertin\AppData\Local\Programs\MiKTeX 2.9\tex\generic\oberd
iek\pdftexcmds.sty"
Package: pdftexcmds 2018/01/30 v0.27 Utility functions of pdfTeX for LuaTeX (HO
)
Package pdftexcmds Info: LuaTeX not detected.
Package pdftexcmds Info: \pdf@primitive is available.
Package pdftexcmds Info: \pdf@ifprimitive is available.
Package pdftexcmds Info: \pdfdraftmode found.
)
Package epstopdf-base Info: Redefining graphics rule for `.eps' on input line 4
38.
Package grfext Info: Graphics extension search list:
(grfext)             [.pdf,.png,.jpg,.mps,.jpeg,.jbig2,.jb2,.PDF,.PNG,.JPG,.JPE
G,.JBIG2,.JB2,.eps]
(grfext)             \AppendGraphicsExtensions on input line 456.
)
*geometry* driver: auto-detecting
*geometry* detected driver: pdftex
*geometry* verbose mode - [ preamble ] result:
* driver: pdftex
* paper: a4paper
* layout: <same size as paper>
* layoutoffset:(h,v)=(0.0pt,0.0pt)
* modes: 
* h-part:(L,W,R)=(56.9055pt, 483.69687pt, 56.9055pt)
* v-part:(T,H,B)=(56.9055pt, 731.23584pt, 56.9055pt)
* \paperwidth=597.50787pt
* \paperheight=845.04684pt
* \textwidth=483.69687pt
* \textheight=731.23584pt
* \oddsidemargin=-15.36449pt
* \evensidemargin=-15.36449pt
* \topmargin=-52.36449pt
* \headheight=12.0pt
* \headsep=25.0pt
* \topskip=10.0pt
* \footskip=30.0pt
* \marginparwidth=57.0pt
* \marginparsep=11.0pt
* \columnsep=10.0pt
* \skip\footins=9.0pt plus 4.0pt minus 2.0pt
* \hoffset=0.0pt
* \voffset=0.0pt
* \mag=1000
* \@twocolumnfalse
* \@twosidefalse
* \@mparswitchfalse
* \@reversemarginfalse
* (1in=72.27pt=25.4mm, 1cm=28.453pt)

<./images/PNG/scc-logo.png, id=1, 558.00778pt x 127.8623pt>
File: ./images/PNG/scc-logo.png Graphic file (type png)
<use ./images/PNG/scc-logo.png>
Package pdftex.def Info: ./images/PNG/scc-logo.png  used on input line 64.
(pdftex.def)             Requested size: 279.0032pt x 63.93098pt.
[1

{C:/Users/michael.aubertin/AppData/Local/MiKTeX/2.9/pdftex/config/pdftex.map} <
./images/PNG/scc-logo.png>]
<./images/PNG/abrerelation.png, id=14, 649.04019pt x 441.95885pt>
File: ./images/PNG/abrerelation.png Graphic file (type png)
<use ./images/PNG/abrerelation.png>
Package pdftex.def Info: ./images/PNG/abrerelation.png  used on input line 95.
(pdftex.def)             Requested size: 324.5193pt x 220.97888pt.
<./images/image.png, id=15, 722.7pt x 301.125pt>
File: ./images/image.png Graphic file (type png)
<use ./images/image.png>
Package pdftex.def Info: ./images/image.png  used on input line 111.
(pdftex.def)             Requested size: 361.3491pt x 150.56212pt.
 [2 <./images/PNG/abrerelation.png> <./images/image.png>]
LaTeX Font Info:    Try loading font information for U+msa on input line 124.

("C:\Users\michael.aubertin\AppData\Local\Programs\MiKTeX 2.9\tex\latex\amsfont
s\umsa.fd"
File: umsa.fd 2013/01/14 v3.01 AMS symbols A
)
LaTeX Font Info:    Try loading font information for U+msb on input line 124.

("C:\Users\michael.aubertin\AppData\Local\Programs\MiKTeX 2.9\tex\latex\amsfont
s\umsb.fd"
File: umsb.fd 2013/01/14 v3.01 AMS symbols B
)
<./images/PNG/reseau.png, id=22, 819.98654pt x 569.12625pt>
File: ./images/PNG/reseau.png Graphic file (type png)
<use ./images/PNG/reseau.png>
Package pdftex.def Info: ./images/PNG/reseau.png  used on input line 142.
(pdftex.def)             Requested size: 409.99226pt x 284.56242pt.
 [3 <./images/PNG/reseau.png>]
<./images/fitness.png, id=34, 642.4pt x 401.5pt>
File: ./images/fitness.png Graphic file (type png)
<use ./images/fitness.png>
Package pdftex.def Info: ./images/fitness.png  used on input line 186.
(pdftex.def)             Requested size: 321.19922pt x 200.7495pt.
 [4 <./images/fitness.png>]
<./images/PNG/Population.png, id=42, 834.97661pt x 602.03491pt>
File: ./images/PNG/Population.png Graphic file (type png)
<use ./images/PNG/Population.png>
Package pdftex.def Info: ./images/PNG/Population.png  used on input line 203.
(pdftex.def)             Requested size: 417.48727pt x 301.01671pt.


! LaTeX Error: There's no line here to end.

See the LaTeX manual or LaTeX Companion for explanation.
Type  H <return>  for immediate help.
 ...                                              
                                                  
l.219 \\ \\
           This indicates a path to follow. We should find a way to identify...

Your command was ignored.
Type  I <command> <return>  to replace it with another command,
or  <return>  to continue without it.


! LaTeX Error: There's no line here to end.

See the LaTeX manual or LaTeX Companion for explanation.
Type  H <return>  for immediate help.
 ...                                              
                                                  
l.219 \\ \\T
            his indicates a path to follow. We should find a way to identify...

Your command was ignored.
Type  I <command> <return>  to replace it with another command,
or  <return>  to continue without it.

[5 <./images/PNG/Population.png>]
<./images/PNG/Application_legacy.png, id=47, 605.83301pt x 415.5525pt>
File: ./images/PNG/Application_legacy.png Graphic file (type png)
<use ./images/PNG/Application_legacy.png>
Package pdftex.def Info: ./images/PNG/Application_legacy.png  used on input lin
e 228.
(pdftex.def)             Requested size: 242.3289pt x 166.21805pt.
<./images/PNG/app2.png, id=48, 556.61798pt x 733.81847pt>
File: ./images/PNG/app2.png Graphic file (type png)
<use ./images/PNG/app2.png>
Package pdftex.def Info: ./images/PNG/app2.png  used on input line 237.
(pdftex.def)             Requested size: 222.64325pt x 293.52219pt.
 [6 <./images/PNG/Application_legacy.png> <./images/PNG/app2.png>]
<./images/Apprentissage_V2.png, id=54, 501.31595pt x 357.69077pt>
File: ./images/Apprentissage_V2.png Graphic file (type png)
<use ./images/Apprentissage_V2.png>
Package pdftex.def Info: ./images/Apprentissage_V2.png  used on input line 262.

(pdftex.def)             Requested size: 401.0533pt x 286.15298pt.


LaTeX Warning: Citation `dtcwt' on page 7 undefined on input line 270.


("C:\Users\michael.aubertin\AppData\Local\Programs\MiKTeX 2.9\tex\latex\listing
s\lstlang1.sty"
File: lstlang1.sty 2015/06/04 1.6 listings language file
)
LaTeX Font Info:    Try loading font information for OMS+cmr on input line 273.


("C:\Users\michael.aubertin\AppData\Local\Programs\MiKTeX 2.9\tex\latex\base\om
scmr.fd"
File: omscmr.fd 2014/09/29 v2.5h Standard LaTeX font definitions
)
LaTeX Font Info:    Font shape `OMS/cmr/m/n' in size <8> not available
(Font)              Font shape `OMS/cmsy/m/n' tried instead on input line 273.
 [7 <./images/Apprentissage_V2.png>]
<./images/PNG/db11.png, id=64, 562.1pt x 197.73875pt>
File: ./images/PNG/db11.png Graphic file (type png)
<use ./images/PNG/db11.png>
Package pdftex.def Info: ./images/PNG/db11.png  used on input line 293.
(pdftex.def)             Requested size: 376.60504pt x 132.48427pt.
<./images/PNG/Graphe.png, id=65, 658.76884pt x 451.6875pt>
File: ./images/PNG/Graphe.png Graphic file (type png)
<use ./images/PNG/Graphe.png>
Package pdftex.def Info: ./images/PNG/Graphe.png  used on input line 308.
(pdftex.def)             Requested size: 395.26434pt x 271.01459pt.


LaTeX Warning: `!h' float specifier changed to `!ht'.

[8 <./images/PNG/db11.png>]
<./images/PNG/GraphesRandomWalk.png, id=70, 658.76884pt x 524.6524pt>
File: ./images/PNG/GraphesRandomWalk.png Graphic file (type png)
<use ./images/PNG/GraphesRandomWalk.png>
Package pdftex.def Info: ./images/PNG/GraphesRandomWalk.png  used on input line
 349.
(pdftex.def)             Requested size: 329.3836pt x 262.32556pt.
<./images/PNG/GraphesRandomWalk2.png, id=71, 736.59808pt x 521.17789pt>
File: ./images/PNG/GraphesRandomWalk2.png Graphic file (type png)
<use ./images/PNG/GraphesRandomWalk2.png>
Package pdftex.def Info: ./images/PNG/GraphesRandomWalk2.png  used on input lin
e 356.
(pdftex.def)             Requested size: 368.29814pt x 260.5883pt.


LaTeX Warning: `!h' float specifier changed to `!ht'.

[9 <./images/PNG/Graphe.png> <./images/PNG/GraphesRandomWalk.png>]
Underfull \hbox (badness 10000) in paragraph at lines 364--365

 []


LaTeX Warning: Citation `ref5' on page 10 undefined on input line 367.

LaTeX Font Info:    Try loading font information for T1+cmtt on input line 380.


("C:\Users\michael.aubertin\AppData\Local\Programs\MiKTeX 2.9\tex\latex\base\t1
cmtt.fd"
File: t1cmtt.fd 2014/09/29 v2.5h Standard LaTeX font definitions
) [10 <./images/PNG/GraphesRandomWalk2.png>] (WP.aux)

LaTeX Warning: There were undefined references.

 ) 
Here is how much of TeX's memory you used:
 5236 strings out of 492973
 73023 string characters out of 3121819
 207256 words of memory out of 3000000
 8997 multiletter control sequences out of 15000+200000
 19448 words of font info for 53 fonts, out of 3000000 for 9000
 1141 hyphenation exceptions out of 8191
 41i,7n,42p,1065b,1808s stack positions out of 5000i,500n,10000p,200000b,50000s
 <C:\Users\michael.aubertin\AppData\Local\MiKTeX\2.9\fonts\pk\ljfour\jknappen
\ec\dpi600\ectt1000.pk> <C:\Users\michael.aubertin\AppData\Local\MiKTeX\2.9\fon
ts\pk\ljfour\jknappen\ec\dpi600\ecti1000.pk> <C:\Users\michael.aubertin\AppData
\Local\MiKTeX\2.9\fonts\pk\ljfour\jknappen\ec\dpi600\ecrm0800.pk> <C:\Users\mic
hael.aubertin\AppData\Local\MiKTeX\2.9\fonts\pk\ljfour\jknappen\ec\dpi600\ecrm0
500.pk> <C:\Users\michael.aubertin\AppData\Local\MiKTeX\2.9\fonts\pk\ljfour\jkn
appen\ec\dpi600\ecbx1000.pk> <C:\Users\michael.aubertin\AppData\Local\MiKTeX\2.
9\fonts\pk\ljfour\jknappen\ec\dpi600\ecbx1200.pk> <C:\Users\michael.aubertin\Ap
pData\Local\MiKTeX\2.9\fonts\pk\ljfour\jknappen\ec\dpi600\ecrm1000.pk> <C:\User
s\michael.aubertin\AppData\Local\MiKTeX\2.9\fonts\pk\ljfour\jknappen\ec\dpi600\
ecbx1440.pk> <C:\Users\michael.aubertin\AppData\Local\MiKTeX\2.9\fonts\pk\ljfou
r\jknappen\ec\dpi600\ecrm0900.pk> <C:\Users\michael.aubertin\AppData\Local\MiKT
eX\2.9\fonts\pk\ljfour\jknappen\ec\dpi600\ecbx0900.pk> <C:\Users\michael.aubert
in\AppData\Local\MiKTeX\2.9\fonts\pk\ljfour\jknappen\ec\dpi600\ecrm1440.pk> <C:
\Users\michael.aubertin\AppData\Local\MiKTeX\2.9\fonts\pk\ljfour\jknappen\ec\dp
i600\ecrm2488.pk><C:/Users/michael.aubertin/AppData/Local/Programs/MiKTeX 2.9/f
onts/type1/public/amsfonts/cm/cmex10.pfb><C:/Users/michael.aubertin/AppData/Loc
al/Programs/MiKTeX 2.9/fonts/type1/public/amsfonts/cm/cmmi10.pfb><C:/Users/mich
ael.aubertin/AppData/Local/Programs/MiKTeX 2.9/fonts/type1/public/amsfonts/cm/c
mmi12.pfb><C:/Users/michael.aubertin/AppData/Local/Programs/MiKTeX 2.9/fonts/ty
pe1/public/amsfonts/cm/cmmi7.pfb><C:/Users/michael.aubertin/AppData/Local/Progr
ams/MiKTeX 2.9/fonts/type1/public/amsfonts/cm/cmr10.pfb><C:/Users/michael.auber
tin/AppData/Local/Programs/MiKTeX 2.9/fonts/type1/public/amsfonts/cm/cmr12.pfb>
<C:/Users/michael.aubertin/AppData/Local/Programs/MiKTeX 2.9/fonts/type1/public
/amsfonts/cm/cmr7.pfb><C:/Users/michael.aubertin/AppData/Local/Programs/MiKTeX 
2.9/fonts/type1/public/amsfonts/cm/cmsy10.pfb><C:/Users/michael.aubertin/AppDat
a/Local/Programs/MiKTeX 2.9/fonts/type1/public/amsfonts/cm/cmsy7.pfb><C:/Users/
michael.aubertin/AppData/Local/Programs/MiKTeX 2.9/fonts/type1/public/amsfonts/
cm/cmsy8.pfb><C:/Users/michael.aubertin/AppData/Local/Programs/MiKTeX 2.9/fonts
/type1/public/amsfonts/symbols/msbm10.pfb>
Output written on WP.pdf (10 pages, 1504921 bytes).
PDF statistics:
 516 PDF objects out of 1000 (max. 8388607)
 0 named destinations out of 1000 (max. 500000)
 66 words of extra memory for PDF output out of 10000 (max. 10000000)

